h:\программирование\c++\labirint3d\project3\x64\debug\vc143.pdb
h:\программирование\c++\labirint3d\project3\x64\debug\vc143.idb
h:\программирование\c++\labirint3d\project3\x64\debug\glad.obj
h:\программирование\c++\labirint3d\project3\x64\debug\verticesindices.obj
h:\программирование\c++\labirint3d\project3\x64\debug\vbo.obj
h:\программирование\c++\labirint3d\project3\x64\debug\vao.obj
h:\программирование\c++\labirint3d\project3\x64\debug\texture.obj
h:\программирование\c++\labirint3d\project3\x64\debug\stb.obj
h:\программирование\c++\labirint3d\project3\x64\debug\shaderclass.obj
h:\программирование\c++\labirint3d\project3\x64\debug\ebo.obj
h:\программирование\c++\labirint3d\project3\x64\debug\camera.obj
h:\программирование\c++\labirint3d\project3\x64\debug\main.obj
h:\программирование\c++\labirint3d\project3\x64\debug\project3.pdb
h:\программирование\c++\labirint3d\project3\x64\debug\project3.tlog\cl.command.1.tlog
h:\программирование\c++\labirint3d\project3\x64\debug\project3.tlog\cl.read.1.tlog
h:\программирование\c++\labirint3d\project3\x64\debug\project3.tlog\cl.write.1.tlog
h:\программирование\c++\labirint3d\project3\x64\debug\project3.tlog\link-cvtres.read.1.tlog
h:\программирование\c++\labirint3d\project3\x64\debug\project3.tlog\link-cvtres.write.1.tlog
h:\программирование\c++\labirint3d\project3\x64\debug\project3.tlog\link-rc.read.1.tlog
h:\программирование\c++\labirint3d\project3\x64\debug\project3.tlog\link-rc.write.1.tlog
h:\программирование\c++\labirint3d\project3\x64\debug\project3.tlog\link.command.1.tlog
h:\программирование\c++\labirint3d\project3\x64\debug\project3.tlog\link.read.1.tlog
h:\программирование\c++\labirint3d\project3\x64\debug\project3.tlog\link.read.2.tlog
h:\программирование\c++\labirint3d\project3\x64\debug\project3.tlog\link.write.1.tlog
